<?xml version="1.0" encoding="UTF-8"?>
<!-- Generated by org.testng.reporters.JUnitXMLReporter -->
<testsuite ignored="0" hostname="USBLRVYOGASEKA1" failures="0" tests="3" name="Default test" time="12.344" errors="0" timestamp="2021-09-03T13:38:08 IST">
  <testcase classname="tests.Test_HomePage" name="check_LeaveType_Items" time="1.842"/>
  <testcase classname="tests.Test_HomePage" name="check_notificacation_icon" time="0.102"/>
  <testcase classname="tests.Test_HomePage" name="check_title" time="0.015"/>
</testsuite> <!-- Default test -->
