<?xml version="1.0" encoding="UTF-8"?>
<!-- Generated by org.testng.reporters.JUnitXMLReporter -->
<testsuite ignored="0" hostname="USBLRVYOGASEKA1" failures="0" tests="5" name="Practise test" time="13.421" errors="0" timestamp="2021-08-31T18:53:27 IST">
  <testcase classname="tests.Test_LoginPage" name="check_login_field" time="0.094"/>
  <testcase classname="tests.Test_LoginPage" name="check_Login_button" time="0.125"/>
  <testcase classname="tests.Test_LoginPage" name="check_password_field" time="0.067"/>
  <testcase classname="tests.Test_HomePage" name="checktitle" time="0.015"/>
  <testcase classname="tests.Test_HomePage" name="checklogin" time="5.03"/>
</testsuite> <!-- Practise test -->
