<?xml version="1.0" encoding="UTF-8"?>
<testsuite xmlns:xsi="http://www.w3.org/2001/XMLSchema-instance" xsi:noNamespaceSchemaLocation="https://maven.apache.org/surefire/maven-surefire-plugin/xsd/surefire-test-report-3.0.xsd" version="3.0" name="TestSuite" time="23.71" tests="6" errors="0" skipped="0" failures="0">
  <properties>
[...]
</properties>
  <testcase name="check_notificacation_icon" classname="tests.Test_HomePage" time="0.437">
    <system-out><![CDATA[[TestNGContentHandler] [WARN] It is strongly recommended to add "<!DOCTYPE suite SYSTEM "http://testng.org/testng-1.0.dtd" >" at the top of your file, otherwise TestNG may fail or not work as expected.
...
... TestNG 6.10 by Cédric Beust (cedric@beust.com)
...

]]></system-out>
    <system-err><![CDATA[SLF4J: Failed to load class "org.slf4j.impl.StaticLoggerBinder".
SLF4J: Defaulting to no-operation (NOP) logger implementation
SLF4J: See http://www.slf4j.org/codes.html#StaticLoggerBinder for further details.
Starting ChromeDriver 93.0.4577.15 (660fc11082ba57405eca2e8c49c3e1af756fbfae-refs/branch-heads/4577@{#203}) on port 35591
Only local connections are allowed.
Please see https://chromedriver.chromium.org/security-considerations for suggestions on keeping ChromeDriver safe.
ChromeDriver was started successfully.
Sep 06, 2021 12:51:55 PM org.openqa.selenium.remote.ProtocolHandshake createSession
INFO: Detected dialect: W3C
Starting ChromeDriver 93.0.4577.15 (660fc11082ba57405eca2e8c49c3e1af756fbfae-refs/branch-heads/4577@{#203}) on port 35119
Only local connections are allowed.
Please see https://chromedriver.chromium.org/security-considerations for suggestions on keeping ChromeDriver safe.
ChromeDriver was started successfully.
Sep 06, 2021 12:51:57 PM org.openqa.selenium.remote.ProtocolHandshake createSession
INFO: Detected dialect: W3C
]]></system-err>
  </testcase>
  <testcase name="check_title" classname="tests.Test_HomePage" time="1.34">
    <system-out><![CDATA[OrangeHRM
]]></system-out>
  </testcase>
  <testcase name="check_LeaveType_Items" classname="tests.Test_HomePage" time="1.748">
    <system-out><![CDATA[All
Admin
ESS
[All, Admin, ESS]
All
Enabled
Disabled
[All, Enabled, Disabled]
[All]
{duplicate=[4]}
{roles=[All, Admin, ESS], statuses=[All, Enabled, Disabled]}
]]></system-out>
  </testcase>
  <testcase name="check_login_field" classname="tests.Test_LoginPage" time="0.145"/>
  <testcase name="check_Login_button" classname="tests.Test_LoginPage" time="0.016"/>
  <testcase name="check_password_field" classname="tests.Test_LoginPage" time="0.104"/>
</testsuite>