<?xml version="1.0" encoding="UTF-8"?>
<!-- Generated by org.testng.reporters.JUnitXMLReporter -->
<testsuite ignored="0" hostname="USBLRVYOGASEKA1" failures="0" tests="6" name="Practise test" time="16.981" errors="0" timestamp="06 Sep 2021 07:22:14 GMT">
  <testcase classname="tests.Test_HomePage" name="check_notificacation_icon" time="0.495"/>
  <testcase classname="tests.Test_HomePage" name="check_title" time="1.343"/>
  <testcase classname="tests.Test_HomePage" name="check_LeaveType_Items" time="2.247"/>
  <testcase classname="tests.Test_LoginPage" name="check_login_field" time="0.145"/>
  <testcase classname="tests.Test_LoginPage" name="check_Login_button" time="0.161"/>
  <testcase classname="tests.Test_LoginPage" name="check_password_field" time="0.104"/>
</testsuite> <!-- Practise test -->
