<?xml version="1.0" encoding="UTF-8"?>
<testng-results ignored="0" total="3" passed="3" failed="0" skipped="0">
  <reporter-output>
  </reporter-output>
  <suite started-at="2021-09-03T13:37:55 IST" name="Default suite" finished-at="2021-09-03T13:38:08 IST" duration-ms="12344">
    <groups>
    </groups>
    <test started-at="2021-09-03T13:37:55 IST" name="Default test" finished-at="2021-09-03T13:38:08 IST" duration-ms="12344">
      <class name="tests.Test_HomePage">
        <test-method is-config="true" signature="diverInitialization()[pri:0, instance:tests.Test_HomePage@5ac86ba5]" started-at="2021-09-03T13:37:56 IST" name="diverInitialization" finished-at="2021-09-03T13:38:06 IST" duration-ms="10285" status="PASS">
          <reporter-output>
          </reporter-output>
        </test-method> <!-- diverInitialization -->
        <test-method signature="check_LeaveType_Items()[pri:0, instance:tests.Test_HomePage@5ac86ba5]" started-at="2021-09-03T13:38:06 IST" name="check_LeaveType_Items" finished-at="2021-09-03T13:38:08 IST" duration-ms="1842" status="PASS">
          <reporter-output>
          </reporter-output>
        </test-method> <!-- check_LeaveType_Items -->
        <test-method signature="check_notificacation_icon()[pri:0, instance:tests.Test_HomePage@5ac86ba5]" started-at="2021-09-03T13:38:08 IST" name="check_notificacation_icon" finished-at="2021-09-03T13:38:08 IST" duration-ms="102" status="PASS">
          <reporter-output>
          </reporter-output>
        </test-method> <!-- check_notificacation_icon -->
        <test-method signature="check_title()[pri:0, instance:tests.Test_HomePage@5ac86ba5]" started-at="2021-09-03T13:38:08 IST" name="check_title" finished-at="2021-09-03T13:38:08 IST" duration-ms="15" status="PASS">
          <reporter-output>
          </reporter-output>
        </test-method> <!-- check_title -->
        <test-method is-config="true" signature="teardown()[pri:0, instance:tests.Test_HomePage@5ac86ba5]" started-at="2021-09-03T13:38:08 IST" name="teardown" finished-at="2021-09-03T13:38:08 IST" duration-ms="46" status="PASS">
          <reporter-output>
          </reporter-output>
        </test-method> <!-- teardown -->
      </class> <!-- tests.Test_HomePage -->
    </test> <!-- Default test -->
  </suite> <!-- Default suite -->
</testng-results>
